Change Component Footprint: Designator=C18 Old Footprint=1608[0603] New Footprint=6-0805_M
Change Component Footprint: Designator=D4 Old Footprint=1608[0603] New Footprint=INDC1608L
Change Component Designator: OldDesignator=C13 NewDesignator=C16
Change Component Designator: OldDesignator=C14 NewDesignator=C13
Change Component Designator: OldDesignator=C15 NewDesignator=C14
Change Component Designator: OldDesignator=C16 NewDesignator=C15
Change Component Designator: OldDesignator=C17 NewDesignator=C18
Change Component Designator: OldDesignator=C18 NewDesignator=C19
Change Component Designator: OldDesignator=C19 NewDesignator=C21
Change Component Designator: OldDesignator=C20 NewDesignator=C17
Change Component Designator: OldDesignator=D3 NewDesignator=D5
Change Component Designator: OldDesignator=D4 NewDesignator=D6
Change Component Designator: OldDesignator=D5 NewDesignator=D3
Change Component Designator: OldDesignator=D6 NewDesignator=D4
Change Component Designator: OldDesignator=P3 NewDesignator=P4
Change Component Designator: OldDesignator=P4 NewDesignator=P3
Change Component Designator: OldDesignator=R9 NewDesignator=R14
Change Component Designator: OldDesignator=R10 NewDesignator=R15
Change Component Designator: OldDesignator=R11 NewDesignator=R12
Change Component Designator: OldDesignator=R12 NewDesignator=R13
Change Component Designator: OldDesignator=R13 NewDesignator=R16
Change Component Designator: OldDesignator=R14 NewDesignator=R17
Change Component Designator: OldDesignator=R15 NewDesignator=R9
Change Component Designator: OldDesignator=R16 NewDesignator=R10
Change Component Designator: OldDesignator=R17 NewDesignator=R18
Change Component Designator: OldDesignator=R18 NewDesignator=R11
Change Component Designator: OldDesignator=U? NewDesignator=U1
Added Component: Designator=C20(1608[0603])
Added Component: Designator=C22(6-0805_M)
Added Component: Designator=C23(1608[0603])
Added Component: Designator=C24(1608[0603])
Added Pin To Net: NetName=GND Pin=C20-1
Added Pin To Net: NetName=NetC18_2 Pin=C20-2
Added Pin To Net: NetName=GND Pin=C22-1
Added Pin To Net: NetName=NetC19_2 Pin=C22-2
Added Pin To Net: NetName=GND Pin=C23-1
Added Pin To Net: NetName=3V3 Pin=C23-2
Added Pin To Net: NetName=GND Pin=C24-1
Added Pin To Net: NetName=3V3 Pin=C24-2
Change Net Name : Old Net Name=NetC14_2 New Net Name=NetC13_2
Change Net Name : Old Net Name=NetC18_2 New Net Name=NetC19_2
Change Net Name : Old Net Name=NetC19_2 New Net Name=NetC21_2
Change Net Name : Old Net Name=NetD3_2 New Net Name=NetD5_2
Change Net Name : Old Net Name=NetD4_2 New Net Name=NetD6_2
Change Net Name : Old Net Name=NetD5_1 New Net Name=NetD3_1
Change Net Name : Old Net Name=NetD5_2 New Net Name=NetD3_2
Change Net Name : Old Net Name=NetD6_1 New Net Name=NetD4_1
Change Net Name : Old Net Name=NetD6_2 New Net Name=NetD4_2
Change Net Name : Old Net Name=NetP3_2 New Net Name=NetP4_2
Change Net Name : Old Net Name=NetR15_2 New Net Name=NetR9_2
Change Net Name : Old Net Name=NetR16_2 New Net Name=NetR10_2
Added Member To Class: ClassName=Flyback Member=Component C20 Cap Semi
Added Member To Class: ClassName=Flyback Member=Component C22 Cap Semi
Added Member To Class: ClassName=Flyback Member=Component C23 Cap Semi
Added Member To Class: ClassName=Flyback Member=Component C24 Cap Semi
Added Room: Name=Flyback
